  Source.cpp
C:\Users\79061\Desktop\ЭВМ 2 семак\--Lab8--\Source.cpp(30,2): error C4235: использовано нестандартное расширение: ключевое слово "__asm" данной архитектурой не поддерживается
C:\Users\79061\Desktop\ЭВМ 2 семак\--Lab8--\Source.cpp(31,3): error C2059: синтаксическая ошибка: &&
C:\Users\79061\Desktop\ЭВМ 2 семак\--Lab8--\Source.cpp(32,3): error C2065: mov: необъявленный идентификатор
C:\Users\79061\Desktop\ЭВМ 2 семак\--Lab8--\Source.cpp(32,7): error C2146: синтаксическая ошибка: отсутствие ";" перед идентификатором "eax"
C:\Users\79061\Desktop\ЭВМ 2 семак\--Lab8--\Source.cpp(32,7): error C2065: eax: необъявленный идентификатор
C:\Users\79061\Desktop\ЭВМ 2 семак\--Lab8--\Source.cpp(33,3): error C2146: синтаксическая ошибка: отсутствие ";" перед идентификатором "mov"
C:\Users\79061\Desktop\ЭВМ 2 семак\--Lab8--\Source.cpp(33,3): error C2065: mov: необъявленный идентификатор
C:\Users\79061\Desktop\ЭВМ 2 семак\--Lab8--\Source.cpp(33,7): error C2146: синтаксическая ошибка: отсутствие ";" перед идентификатором "ebx"
C:\Users\79061\Desktop\ЭВМ 2 семак\--Lab8--\Source.cpp(33,7): error C2065: ebx: необъявленный идентификатор
C:\Users\79061\Desktop\ЭВМ 2 семак\--Lab8--\Source.cpp(34,2): error C2143: синтаксическая ошибка: отсутствие ";" перед "}"
C:\Users\79061\Desktop\ЭВМ 2 семак\--Lab8--\Source.cpp(38,4): error C4235: использовано нестандартное расширение: ключевое слово "__asm" данной архитектурой не поддерживается
C:\Users\79061\Desktop\ЭВМ 2 семак\--Lab8--\Source.cpp(41,5): error C2065: mov: необъявленный идентификатор
C:\Users\79061\Desktop\ЭВМ 2 семак\--Lab8--\Source.cpp(41,9): error C2146: синтаксическая ошибка: отсутствие ";" перед идентификатором "eax"
C:\Users\79061\Desktop\ЭВМ 2 семак\--Lab8--\Source.cpp(41,9): error C2065: eax: необъявленный идентификатор
C:\Users\79061\Desktop\ЭВМ 2 семак\--Lab8--\Source.cpp(42,5): error C2146: синтаксическая ошибка: отсутствие ";" перед идентификатором "mov"
C:\Users\79061\Desktop\ЭВМ 2 семак\--Lab8--\Source.cpp(42,5): error C2065: mov: необъявленный идентификатор
C:\Users\79061\Desktop\ЭВМ 2 семак\--Lab8--\Source.cpp(42,9): error C2146: синтаксическая ошибка: отсутствие ";" перед идентификатором "ebx"
C:\Users\79061\Desktop\ЭВМ 2 семак\--Lab8--\Source.cpp(42,9): error C2065: ebx: необъявленный идентификатор
C:\Users\79061\Desktop\ЭВМ 2 семак\--Lab8--\Source.cpp(43,5): error C2146: синтаксическая ошибка: отсутствие ";" перед идентификатором "mul"
C:\Users\79061\Desktop\ЭВМ 2 семак\--Lab8--\Source.cpp(43,5): error C2065: mul: необъявленный идентификатор
C:\Users\79061\Desktop\ЭВМ 2 семак\--Lab8--\Source.cpp(43,9): error C2146: синтаксическая ошибка: отсутствие ";" перед идентификатором "ebx"
C:\Users\79061\Desktop\ЭВМ 2 семак\--Lab8--\Source.cpp(43,9): error C2065: ebx: необъявленный идентификатор
C:\Users\79061\Desktop\ЭВМ 2 семак\--Lab8--\Source.cpp(44,5): error C2146: синтаксическая ошибка: отсутствие ";" перед идентификатором "mov"
C:\Users\79061\Desktop\ЭВМ 2 семак\--Lab8--\Source.cpp(44,5): error C2065: mov: необъявленный идентификатор
C:\Users\79061\Desktop\ЭВМ 2 семак\--Lab8--\Source.cpp(44,9): error C2146: синтаксическая ошибка: отсутствие ";" перед идентификатором "ebx"
C:\Users\79061\Desktop\ЭВМ 2 семак\--Lab8--\Source.cpp(44,9): error C2065: ebx: необъявленный идентификатор
C:\Users\79061\Desktop\ЭВМ 2 семак\--Lab8--\Source.cpp(45,5): error C2146: синтаксическая ошибка: отсутствие ";" перед идентификатором "mul"
C:\Users\79061\Desktop\ЭВМ 2 семак\--Lab8--\Source.cpp(45,5): error C2065: mul: необъявленный идентификатор
C:\Users\79061\Desktop\ЭВМ 2 семак\--Lab8--\Source.cpp(45,9): error C2146: синтаксическая ошибка: отсутствие ";" перед идентификатором "ebx"
C:\Users\79061\Desktop\ЭВМ 2 семак\--Lab8--\Source.cpp(45,9): error C2065: ebx: необъявленный идентификатор
C:\Users\79061\Desktop\ЭВМ 2 семак\--Lab8--\Source.cpp(46,5): error C2146: синтаксическая ошибка: отсутствие ";" перед идентификатором "push"
C:\Users\79061\Desktop\ЭВМ 2 семак\--Lab8--\Source.cpp(46,5): error C2065: push: необъявленный идентификатор
C:\Users\79061\Desktop\ЭВМ 2 семак\--Lab8--\Source.cpp(46,10): error C2146: синтаксическая ошибка: отсутствие ";" перед идентификатором "eax"
C:\Users\79061\Desktop\ЭВМ 2 семак\--Lab8--\Source.cpp(46,10): error C2065: eax: необъявленный идентификатор
C:\Users\79061\Desktop\ЭВМ 2 семак\--Lab8--\Source.cpp(47,5): error C2146: синтаксическая ошибка: отсутствие ";" перед идентификатором "mov"
C:\Users\79061\Desktop\ЭВМ 2 семак\--Lab8--\Source.cpp(47,5): error C2065: mov: необъявленный идентификатор
C:\Users\79061\Desktop\ЭВМ 2 семак\--Lab8--\Source.cpp(47,9): error C2146: синтаксическая ошибка: отсутствие ";" перед идентификатором "eax"
C:\Users\79061\Desktop\ЭВМ 2 семак\--Lab8--\Source.cpp(47,9): error C2065: eax: необъявленный идентификатор
C:\Users\79061\Desktop\ЭВМ 2 семак\--Lab8--\Source.cpp(48,5): error C2146: синтаксическая ошибка: отсутствие ";" перед идентификатором "mov"
C:\Users\79061\Desktop\ЭВМ 2 семак\--Lab8--\Source.cpp(48,5): error C2065: mov: необъявленный идентификатор
C:\Users\79061\Desktop\ЭВМ 2 семак\--Lab8--\Source.cpp(48,9): error C2146: синтаксическая ошибка: отсутствие ";" перед идентификатором "ebx"
C:\Users\79061\Desktop\ЭВМ 2 семак\--Lab8--\Source.cpp(48,9): error C2065: ebx: необъявленный идентификатор
C:\Users\79061\Desktop\ЭВМ 2 семак\--Lab8--\Source.cpp(49,5): error C2146: синтаксическая ошибка: отсутствие ";" перед идентификатором "mul"
C:\Users\79061\Desktop\ЭВМ 2 семак\--Lab8--\Source.cpp(49,5): error C2065: mul: необъявленный идентификатор
C:\Users\79061\Desktop\ЭВМ 2 семак\--Lab8--\Source.cpp(49,9): error C2146: синтаксическая ошибка: отсутствие ";" перед идентификатором "ebx"
C:\Users\79061\Desktop\ЭВМ 2 семак\--Lab8--\Source.cpp(49,9): error C2065: ebx: необъявленный идентификатор
C:\Users\79061\Desktop\ЭВМ 2 семак\--Lab8--\Source.cpp(50,5): error C2146: синтаксическая ошибка: отсутствие ";" перед идентификатором "pop"
C:\Users\79061\Desktop\ЭВМ 2 семак\--Lab8--\Source.cpp(50,5): error C2065: pop: необъявленный идентификатор
C:\Users\79061\Desktop\ЭВМ 2 семак\--Lab8--\Source.cpp(50,9): error C2146: синтаксическая ошибка: отсутствие ";" перед идентификатором "ebx"
C:\Users\79061\Desktop\ЭВМ 2 семак\--Lab8--\Source.cpp(50,9): error C2065: ebx: необъявленный идентификатор
C:\Users\79061\Desktop\ЭВМ 2 семак\--Lab8--\Source.cpp(51,5): error C2146: синтаксическая ошибка: отсутствие ";" перед идентификатором "add"
C:\Users\79061\Desktop\ЭВМ 2 семак\--Lab8--\Source.cpp(51,5): error C2065: add: необъявленный идентификатор
C:\Users\79061\Desktop\ЭВМ 2 семак\--Lab8--\Source.cpp(51,9): error C2146: синтаксическая ошибка: отсутствие ";" перед идентификатором "eax"
C:\Users\79061\Desktop\ЭВМ 2 семак\--Lab8--\Source.cpp(51,9): error C2065: eax: необъявленный идентификатор
C:\Users\79061\Desktop\ЭВМ 2 семак\--Lab8--\Source.cpp(51,13): error C2065: ebx: необъявленный идентификатор
C:\Users\79061\Desktop\ЭВМ 2 семак\--Lab8--\Source.cpp(52,5): error C2146: синтаксическая ошибка: отсутствие ";" перед идентификатором "movd"
C:\Users\79061\Desktop\ЭВМ 2 семак\--Lab8--\Source.cpp(52,5): error C2065: movd: необъявленный идентификатор
C:\Users\79061\Desktop\ЭВМ 2 семак\--Lab8--\Source.cpp(52,10): error C2146: синтаксическая ошибка: отсутствие ";" перед идентификатором "mm0"
C:\Users\79061\Desktop\ЭВМ 2 семак\--Lab8--\Source.cpp(52,10): error C2065: mm0: необъявленный идентификатор
C:\Users\79061\Desktop\ЭВМ 2 семак\--Lab8--\Source.cpp(52,24): error C2143: синтаксическая ошибка: отсутствие "]" перед "+"
C:\Users\79061\Desktop\ЭВМ 2 семак\--Lab8--\Source.cpp(52,24): error C3260: "+": пропускаются непредвиденные токены перед телом лямбда-функции
C:\Users\79061\Desktop\ЭВМ 2 семак\--Lab8--\Source.cpp(68,2): error C4235: использовано нестандартное расширение: ключевое слово "__asm" данной архитектурой не поддерживается
C:\Users\79061\Desktop\ЭВМ 2 семак\--Lab8--\Source.cpp(69,3): error C2059: синтаксическая ошибка: &&
C:\Users\79061\Desktop\ЭВМ 2 семак\--Lab8--\Source.cpp(70,3): error C2065: mov: необъявленный идентификатор
C:\Users\79061\Desktop\ЭВМ 2 семак\--Lab8--\Source.cpp(70,7): error C2146: синтаксическая ошибка: отсутствие ";" перед идентификатором "ebx"
C:\Users\79061\Desktop\ЭВМ 2 семак\--Lab8--\Source.cpp(70,7): error C2065: ebx: необъявленный идентификатор
C:\Users\79061\Desktop\ЭВМ 2 семак\--Lab8--\Source.cpp(71,2): error C2143: синтаксическая ошибка: отсутствие ";" перед "}"
C:\Users\79061\Desktop\ЭВМ 2 семак\--Lab8--\Source.cpp(73,2): error C2143: синтаксическая ошибка: отсутствие ";" перед "for"
C:\Users\79061\Desktop\ЭВМ 2 семак\--Lab8--\Source.cpp(74,3): error C4235: использовано нестандартное расширение: ключевое слово "__asm" данной архитектурой не поддерживается
C:\Users\79061\Desktop\ЭВМ 2 семак\--Lab8--\Source.cpp(76,4): error C2065: mov: необъявленный идентификатор
C:\Users\79061\Desktop\ЭВМ 2 семак\--Lab8--\Source.cpp(76,8): error C2146: синтаксическая ошибка: отсутствие ";" перед идентификатором "eax"
C:\Users\79061\Desktop\ЭВМ 2 семак\--Lab8--\Source.cpp(76,8): error C2065: eax: необъявленный идентификатор
C:\Users\79061\Desktop\ЭВМ 2 семак\--Lab8--\Source.cpp(77,4): error C2146: синтаксическая ошибка: отсутствие ";" перед идентификатором "mul"
C:\Users\79061\Desktop\ЭВМ 2 семак\--Lab8--\Source.cpp(77,4): error C2065: mul: необъявленный идентификатор
C:\Users\79061\Desktop\ЭВМ 2 семак\--Lab8--\Source.cpp(77,8): error C2146: синтаксическая ошибка: отсутствие ";" перед идентификатором "ebx"
C:\Users\79061\Desktop\ЭВМ 2 семак\--Lab8--\Source.cpp(77,8): error C2065: ebx: необъявленный идентификатор
C:\Users\79061\Desktop\ЭВМ 2 семак\--Lab8--\Source.cpp(79,4): error C2146: синтаксическая ошибка: отсутствие ";" перед идентификатором "movups"
C:\Users\79061\Desktop\ЭВМ 2 семак\--Lab8--\Source.cpp(79,4): error C2065: movups: необъявленный идентификатор
C:\Users\79061\Desktop\ЭВМ 2 семак\--Lab8--\Source.cpp(79,11): error C2146: синтаксическая ошибка: отсутствие ";" перед идентификатором "xmm0"
C:\Users\79061\Desktop\ЭВМ 2 семак\--Lab8--\Source.cpp(79,11): error C2065: xmm0: необъявленный идентификатор
C:\Users\79061\Desktop\ЭВМ 2 семак\--Lab8--\Source.cpp(79,28): error C2143: синтаксическая ошибка: отсутствие "]" перед "+"
C:\Users\79061\Desktop\ЭВМ 2 семак\--Lab8--\Source.cpp(79,28): error C3260: "+": пропускаются непредвиденные токены перед телом лямбда-функции
C:\Users\79061\Desktop\ЭВМ 2 семак\--Lab8--\Source.cpp(92,1): fatal error C1903: не удается восстановить после предыдущих ошибок; остановка компиляции
