    1  00  40      in 0
    2  01  18  34  stor a, N
    3  03  41      in 1
    4  04  18  32  stor a, X
    5  06  42      in 2
    6  07  18  33  stor a, Y
    8  09  10  33  load a, Y
    9  0b  18  36  stor a, A
   10  0d  11  32  load b, X
   11  0f  81      mur a, b
   12  10  19  37  stor b, Z
   13  12  c0  4b  call power
   14  14  11  38  load b, REZ
   15  16  19  39  stor b, F
   16  18  11  32  load b, X
   17  1a  79  01  sbi b, 1
   18  1c  19  37  stor b, Z
   19  1e  c0  4b  call power
   20  20  11  39  load b, F
   21  22  71  38  sbm b, REZ
   22  24  19  39  stor b, F
   23  26  11  32  load b, X
   24  28  19  37  stor b, Z
   25  2a  c0  4b  call power
   26  2c  10  39  load a, F
   27  2e  58  38  adm a, REZ
   28  30  4f      out 7
   29  31  f8      stop
   30  32  00      X: .ds 1
   31  33  00      Y: .ds 1
   32  34  00      N: .ds 1
   33  35  00      B: .ds 1
   34  36  00      A: .ds 1
   35  37  00      Z: .ds 1
   36  38  00      REZ: .ds 1
   37  39  00      F: .ds 1
   39  3a  20      step: push a
   40  3b  21      push b
   41  3c  10  34  load a, N
   42  3e  31  01  mvi b, 1
   43  40  20      cycl1: push a
   44  41  88  35  mum a, B
   45  43  28      pop a
   46  44  e0  40  loop a, cycl1
   47  46  19  38  stor b, REZ
   48  48  29      pop b
   49  49  28      pop a
   50  4a  c8      ret
   52  4b  20      power: push a
   53  4c  21      push b
   54  4d  10  37  load a, Z
   55  4f  18  35  stor a, B
   56  51  c0  3a  call step
   57  53  11  38  load b, REZ
   58  55  10  36  load a, A
   59  57  18  35  stor a, B
   60  59  80      mur a, a
   61  5a  c0  3a  call step
   62  5c  10  38  load a, REZ
   63  5e  6a      sbr b, a
   64  5f  61  01  adi b, 1
   65  61  19  38  stor b, REZ
   66  63  29      pop b
   67  64  28      pop a
   68  65  c8      ret

    ***** Таблица перекрестных ссылок *****
  имя     определение     ссылки

 Z        37              4e  29  1d  11                                       
 Y        33              a   8                                                
 X        32              27  19  e   5                                        
 STEP     3a              5b  52                                               
 REZ      38              62  5d  54  47  2f  23  15                           
 POWER    4b              2b  1f  13                                           
 N        34              3d  2                                                
 F        39              2d  25  21  17                                       
 CYCL1    40              45                                                   
 B        35              58  50  42                                           
 A        36              56  c                                                

  **** Не обнаружено ошибок. Успешное завершение ****

